# JRE version: Java(TM) SE Runtime Environment (8.0_101-b13) (build 1.8.0_101-b13)
# Java VM: Java HotSpot(TM) Server VM (25.101-b13 mixed mode linux-x86 )
Heap:
 PSYoungGen      total 67584K, used 4606K [0xd22c0000, 0xd69c0000, 0xe7800000)
  eden space 62976K, 0% used [0xd22c0000,0xd22c0000,0xd6040000)
  from space 4608K, 99% used [0xd6040000,0xd64bfb68,0xd64c0000)
  to   space 4096K, 0% used [0xd64c0000,0xd64c0000,0xd68c0000)
 ParOldGen       total 42496K, used 4169K [0xa7800000, 0xaa180000, 0xd22c0000)
  object space 42496K, 9% used [0xa7800000,0xa7c126e0,0xaa180000)
 Metaspace       used 13240K, capacity 13401K, committed 13464K, reserved 13616K
GC Heap History (10 events):
Event: 1.395 GC heap after
Heap after GC invocations=2 (full 0):
 PSYoungGen      total 18432K, used 2484K [0xd22c0000, 0xd46c0000, 0xe7800000)
  eden space 15872K, 0% used [0xd22c0000,0xd22c0000,0xd3240000)
  from space 2560K, 97% used [0xd34c0000,0xd372d140,0xd3740000)
  to   space 2560K, 0% used [0xd3240000,0xd3240000,0xd34c0000)
 ParOldGen       total 42496K, used 38K [0xa7800000, 0xaa180000, 0xd22c0000)
  object space 42496K, 0% used [0xa7800000,0xa78099d0,0xaa180000)
 Metaspace       used 3991K, capacity 4090K, committed 4120K, reserved 4400K
}
Event: 1.836 GC heap before
{Heap before GC invocations=3 (full 0):
 PSYoungGen      total 18432K, used 18356K [0xd22c0000, 0xd46c0000, 0xe7800000)
  eden space 15872K, 100% used [0xd22c0000,0xd3240000,0xd3240000)
  from space 2560K, 97% used [0xd34c0000,0xd372d140,0xd3740000)
  to   space 2560K, 0% used [0xd3240000,0xd3240000,0xd34c0000)
 ParOldGen       total 42496K, used 38K [0xa7800000, 0xaa180000, 0xd22c0000)
  object space 42496K, 0% used [0xa7800000,0xa78099d0,0xaa180000)
 Metaspace       used 5920K, capacity 5954K, committed 6040K, reserved 6448K
Event: 1.842 GC heap after
Heap after GC invocations=3 (full 0):
 PSYoungGen      total 18432K, used 2556K [0xd22c0000, 0xd46c0000, 0xe7800000)
  eden space 15872K, 0% used [0xd22c0000,0xd22c0000,0xd3240000)
  from space 2560K, 99% used [0xd3240000,0xd34bf1c0,0xd34c0000)
  to   space 2560K, 0% used [0xd4440000,0xd4440000,0xd46c0000)
 ParOldGen       total 42496K, used 124K [0xa7800000, 0xaa180000, 0xd22c0000)
  object space 42496K, 0% used [0xa7800000,0xa781f3b8,0xaa180000)
 Metaspace       used 5920K, capacity 5954K, committed 6040K, reserved 6448K
}
Event: 2.149 GC heap before
{Heap before GC invocations=4 (full 0):
 PSYoungGen      total 18432K, used 18428K [0xd22c0000, 0xd46c0000, 0xe7800000)
  eden space 15872K, 100% used [0xd22c0000,0xd3240000,0xd3240000)
  from space 2560K, 99% used [0xd3240000,0xd34bf1c0,0xd34c0000)
  to   space 2560K, 0% used [0xd4440000,0xd4440000,0xd46c0000)
 ParOldGen       total 42496K, used 124K [0xa7800000, 0xaa180000, 0xd22c0000)
  object space 42496K, 0% used [0xa7800000,0xa781f3b8,0xaa180000)
 Metaspace       used 7106K, capacity 7138K, committed 7192K, reserved 7472K
Event: 2.157 GC heap after
Heap after GC invocations=4 (full 0):
 PSYoungGen      total 34304K, used 2549K [0xd22c0000, 0xd46c0000, 0xe7800000)
  eden space 31744K, 0% used [0xd22c0000,0xd22c0000,0xd41c0000)
  from space 2560K, 99% used [0xd4440000,0xd46bd5c0,0xd46c0000)
  to   space 2560K, 0% used [0xd41c0000,0xd41c0000,0xd4440000)
 ParOldGen       total 42496K, used 706K [0xa7800000, 0xaa180000, 0xd22c0000)
  object space 42496K, 1% used [0xa7800000,0xa78b0b58,0xaa180000)
 Metaspace       used 7106K, capacity 7138K, committed 7192K, reserved 7472K
}
Event: 2.632 GC heap before
{Heap before GC invocations=5 (full 0):
 PSYoungGen      total 34304K, used 34293K [0xd22c0000, 0xd46c0000, 0xe7800000)
  eden space 31744K, 100% used [0xd22c0000,0xd41c0000,0xd41c0000)
  from space 2560K, 99% used [0xd4440000,0xd46bd5c0,0xd46c0000)
  to   space 2560K, 0% used [0xd41c0000,0xd41c0000,0xd4440000)
 ParOldGen       total 42496K, used 706K [0xa7800000, 0xaa180000, 0xd22c0000)
  object space 42496K, 1% used [0xa7800000,0xa78b0b58,0xaa180000)
 Metaspace       used 8797K, capacity 8834K, committed 8856K, reserved 9520K
Event: 2.644 GC heap after
Heap after GC invocations=5 (full 0):
 PSYoungGen      total 34304K, used 2555K [0xd22c0000, 0xd68c0000, 0xe7800000)
  eden space 31744K, 0% used [0xd22c0000,0xd22c0000,0xd41c0000)
  from space 2560K, 99% used [0xd41c0000,0xd443eee8,0xd4440000)
  to   space 4096K, 0% used [0xd64c0000,0xd64c0000,0xd68c0000)
 ParOldGen       total 42496K, used 2098K [0xa7800000, 0xaa180000, 0xd22c0000)
  object space 42496K, 4% used [0xa7800000,0xa7a0c860,0xaa180000)
 Metaspace       used 8797K, capacity 8834K, committed 8856K, reserved 9520K
}
Event: 3.420 GC heap before
{Heap before GC invocations=6 (full 0):
 PSYoungGen      total 34304K, used 34299K [0xd22c0000, 0xd68c0000, 0xe7800000)
  eden space 31744K, 100% used [0xd22c0000,0xd41c0000,0xd41c0000)
  from space 2560K, 99% used [0xd41c0000,0xd443eee8,0xd4440000)
  to   space 4096K, 0% used [0xd64c0000,0xd64c0000,0xd68c0000)
 ParOldGen       total 42496K, used 2098K [0xa7800000, 0xaa180000, 0xd22c0000)
  object space 42496K, 4% used [0xa7800000,0xa7a0c860,0xaa180000)
 Metaspace       used 10640K, capacity 10801K, committed 10904K, reserved 11568K
Event: 3.431 GC heap after
Heap after GC invocations=6 (full 0):
 PSYoungGen      total 67072K, used 4090K [0xd22c0000, 0xd69c0000, 0xe7800000)
  eden space 62976K, 0% used [0xd22c0000,0xd22c0000,0xd6040000)
  from space 4096K, 99% used [0xd64c0000,0xd68be980,0xd68c0000)
  to   space 4608K, 0% used [0xd6040000,0xd6040000,0xd64c0000)
 ParOldGen       total 42496K, used 2292K [0xa7800000, 0xaa180000, 0xd22c0000)
  object space 42496K, 5% used [0xa7800000,0xa7a3d238,0xaa180000)
 Metaspace       used 10640K, capacity 10801K, committed 10904K, reserved 11568K
}
Event: 4.489 GC heap before
{Heap before GC invocations=7 (full 0):
 PSYoungGen      total 67072K, used 67066K [0xd22c0000, 0xd69c0000, 0xe7800000)
  eden space 62976K, 100% used [0xd22c0000,0xd6040000,0xd6040000)
  from space 4096K, 99% used [0xd64c0000,0xd68be980,0xd68c0000)
  to   space 4608K, 0% used [0xd6040000,0xd6040000,0xd64c0000)
 ParOldGen       total 42496K, used 2292K [0xa7800000, 0xaa180000, 0xd22c0000)
  object space 42496K, 5% used [0xa7800000,0xa7a3d238,0xaa180000)
 Metaspace       used 13240K, capacity 13401K, committed 13464K, reserved 13616K

