# JRE version: Java(TM) SE Runtime Environment (8.0_101-b13) (build 1.8.0_101-b13)
# Java VM: Java HotSpot(TM) Server VM (25.101-b13 mixed mode linux-x86 )
Heap:
 PSYoungGen      total 106752K, used 95697K [0xd22c0000, 0xd9000000, 0xe7800000)
  eden space 101632K, 94% used [0xd22c0000,0xd8034728,0xd8600000)
  from space 5120K, 0% used [0xd8b00000,0xd8b00000,0xd9000000)
  to   space 5120K, 0% used [0xd8600000,0xd8600000,0xd8b00000)
 ParOldGen       total 27904K, used 5421K [0xa7800000, 0xa9340000, 0xd22c0000)
  object space 27904K, 19% used [0xa7800000,0xa7d4b7e8,0xa9340000)
 Metaspace       used 20658K, capacity 20849K, committed 20864K, reserved 21808K
GC Heap History (10 events):
Event: 2.888 GC heap before
{Heap before GC invocations=7 (full 0):
 PSYoungGen      total 35072K, used 34687K [0xd22c0000, 0xd4840000, 0xe7800000)
  eden space 31744K, 100% used [0xd22c0000,0xd41c0000,0xd41c0000)
  from space 3328K, 88% used [0xd4500000,0xd47dfec0,0xd4840000)
  to   space 3328K, 0% used [0xd41c0000,0xd41c0000,0xd4500000)
 ParOldGen       total 42496K, used 1145K [0xa7800000, 0xaa180000, 0xd22c0000)
  object space 42496K, 2% used [0xa7800000,0xa791e4d8,0xaa180000)
 Metaspace       used 10641K, capacity 10833K, committed 10904K, reserved 11568K
Event: 2.903 GC heap after
Heap after GC invocations=7 (full 0):
 PSYoungGen      total 35072K, used 3319K [0xd22c0000, 0xd68c0000, 0xe7800000)
  eden space 31744K, 0% used [0xd22c0000,0xd22c0000,0xd41c0000)
  from space 3328K, 99% used [0xd41c0000,0xd44fde38,0xd4500000)
  to   space 4096K, 0% used [0xd64c0000,0xd64c0000,0xd68c0000)
 ParOldGen       total 42496K, used 2119K [0xa7800000, 0xaa180000, 0xd22c0000)
  object space 42496K, 4% used [0xa7800000,0xa7a11f98,0xaa180000)
 Metaspace       used 10641K, capacity 10833K, committed 10904K, reserved 11568K
}
Event: 3.506 GC heap before
{Heap before GC invocations=8 (full 0):
 PSYoungGen      total 35072K, used 35063K [0xd22c0000, 0xd68c0000, 0xe7800000)
  eden space 31744K, 100% used [0xd22c0000,0xd41c0000,0xd41c0000)
  from space 3328K, 99% used [0xd41c0000,0xd44fde38,0xd4500000)
  to   space 4096K, 0% used [0xd64c0000,0xd64c0000,0xd68c0000)
 ParOldGen       total 42496K, used 2119K [0xa7800000, 0xaa180000, 0xd22c0000)
  object space 42496K, 4% used [0xa7800000,0xa7a11f98,0xaa180000)
 Metaspace       used 12030K, capacity 12217K, committed 12312K, reserved 12592K
Event: 3.524 GC heap after
Heap after GC invocations=8 (full 0):
 PSYoungGen      total 67584K, used 2897K [0xd22c0000, 0xd68c0000, 0xe7800000)
  eden space 63488K, 0% used [0xd22c0000,0xd22c0000,0xd60c0000)
  from space 4096K, 70% used [0xd64c0000,0xd67946f0,0xd68c0000)
  to   space 4096K, 0% used [0xd60c0000,0xd60c0000,0xd64c0000)
 ParOldGen       total 42496K, used 2867K [0xa7800000, 0xaa180000, 0xd22c0000)
  object space 42496K, 6% used [0xa7800000,0xa7accdb0,0xaa180000)
 Metaspace       used 12030K, capacity 12217K, committed 12312K, reserved 12592K
}
Event: 4.534 GC heap before
{Heap before GC invocations=9 (full 0):
 PSYoungGen      total 67584K, used 66385K [0xd22c0000, 0xd68c0000, 0xe7800000)
  eden space 63488K, 100% used [0xd22c0000,0xd60c0000,0xd60c0000)
  from space 4096K, 70% used [0xd64c0000,0xd67946f0,0xd68c0000)
  to   space 4096K, 0% used [0xd60c0000,0xd60c0000,0xd64c0000)
 ParOldGen       total 42496K, used 2867K [0xa7800000, 0xaa180000, 0xd22c0000)
  object space 42496K, 6% used [0xa7800000,0xa7accdb0,0xaa180000)
 Metaspace       used 15111K, capacity 15294K, committed 15384K, reserved 15664K
Event: 4.548 GC heap after
Heap after GC invocations=9 (full 0):
 PSYoungGen      total 67584K, used 4084K [0xd22c0000, 0xd9000000, 0xe7800000)
  eden space 63488K, 0% used [0xd22c0000,0xd22c0000,0xd60c0000)
  from space 4096K, 99% used [0xd60c0000,0xd64bd310,0xd64c0000)
  to   space 5120K, 0% used [0xd8b00000,0xd8b00000,0xd9000000)
 ParOldGen       total 42496K, used 4906K [0xa7800000, 0xaa180000, 0xd22c0000)
  object space 42496K, 11% used [0xa7800000,0xa7ccaa40,0xaa180000)
 Metaspace       used 15111K, capacity 15294K, committed 15384K, reserved 15664K
}
Event: 4.884 GC heap before
{Heap before GC invocations=10 (full 0):
 PSYoungGen      total 67584K, used 20902K [0xd22c0000, 0xd9000000, 0xe7800000)
  eden space 63488K, 26% used [0xd22c0000,0xd332c658,0xd60c0000)
  from space 4096K, 99% used [0xd60c0000,0xd64bd310,0xd64c0000)
  to   space 5120K, 0% used [0xd8b00000,0xd8b00000,0xd9000000)
 ParOldGen       total 42496K, used 4906K [0xa7800000, 0xaa180000, 0xd22c0000)
  object space 42496K, 11% used [0xa7800000,0xa7ccaa40,0xaa180000)
 Metaspace       used 16183K, capacity 16350K, committed 16384K, reserved 16688K
Event: 4.892 GC heap after
Heap after GC invocations=10 (full 0):
 PSYoungGen      total 106752K, used 2606K [0xd22c0000, 0xd9000000, 0xe7800000)
  eden space 101632K, 0% used [0xd22c0000,0xd22c0000,0xd8600000)
  from space 5120K, 50% used [0xd8b00000,0xd8d8bb00,0xd9000000)
  to   space 5120K, 0% used [0xd8600000,0xd8600000,0xd8b00000)
 ParOldGen       total 42496K, used 5803K [0xa7800000, 0xaa180000, 0xd22c0000)
  object space 42496K, 13% used [0xa7800000,0xa7daaee8,0xaa180000)
 Metaspace       used 16183K, capacity 16350K, committed 16384K, reserved 16688K
}
Event: 4.892 GC heap before
{Heap before GC invocations=11 (full 1):
 PSYoungGen      total 106752K, used 2606K [0xd22c0000, 0xd9000000, 0xe7800000)
  eden space 101632K, 0% used [0xd22c0000,0xd22c0000,0xd8600000)
  from space 5120K, 50% used [0xd8b00000,0xd8d8bb00,0xd9000000)
  to   space 5120K, 0% used [0xd8600000,0xd8600000,0xd8b00000)
 ParOldGen       total 42496K, used 5803K [0xa7800000, 0xaa180000, 0xd22c0000)
  object space 42496K, 13% used [0xa7800000,0xa7daaee8,0xaa180000)
 Metaspace       used 16183K, capacity 16350K, committed 16384K, reserved 16688K
Event: 4.933 GC heap after
Heap after GC invocations=11 (full 1):
 PSYoungGen      total 106752K, used 0K [0xd22c0000, 0xd9000000, 0xe7800000)
  eden space 101632K, 0% used [0xd22c0000,0xd22c0000,0xd8600000)
  from space 5120K, 0% used [0xd8b00000,0xd8b00000,0xd9000000)
  to   space 5120K, 0% used [0xd8600000,0xd8600000,0xd8b00000)
 ParOldGen       total 27904K, used 5421K [0xa7800000, 0xa9340000, 0xd22c0000)
  object space 27904K, 19% used [0xa7800000,0xa7d4b7e8,0xa9340000)
 Metaspace       used 16183K, capacity 16350K, committed 16384K, reserved 16688K
}

