# JRE version: Java(TM) SE Runtime Environment (8.0_101-b13) (build 1.8.0_101-b13)
# Java VM: Java HotSpot(TM) Server VM (25.101-b13 mixed mode linux-x86 )
Heap:
 PSYoungGen      total 276736K, used 27268K [0xd22c0000, 0xe7800000, 0xe7800000)
  eden space 221952K, 0% used [0xd22c0000,0xd22c0000,0xdfb80000)
  from space 54784K, 49% used [0xe3f00000,0xe59a11d8,0xe7480000)
  to   space 63744K, 0% used [0xdfb80000,0xdfb80000,0xe39c0000)
 ParOldGen       total 240896K, used 237509K [0xa7800000, 0xb6340000, 0xd22c0000)
  object space 240896K, 98% used [0xa7800000,0xb5ff14d8,0xb6340000)
 Metaspace       used 54006K, capacity 54376K, committed 54400K, reserved 54576K
GC Heap History (10 events):
Event: 191.546 GC heap after
Heap after GC invocations=18 (full 4):
 PSYoungGen      total 277760K, used 983K [0xd22c0000, 0xe7340000, 0xe7800000)
  eden space 217088K, 0% used [0xd22c0000,0xd22c0000,0xdf6c0000)
  from space 60672K, 1% used [0xe3800000,0xe38f5d38,0xe7340000)
  to   space 63744K, 0% used [0xdf6c0000,0xdf6c0000,0xe3500000)
 ParOldGen       total 240896K, used 180893K [0xa7800000, 0xb6340000, 0xd22c0000)
  object space 240896K, 75% used [0xa7800000,0xb28a7440,0xb6340000)
 Metaspace       used 47316K, capacity 47612K, committed 47616K, reserved 48432K
}
Event: 199.370 GC heap before
{Heap before GC invocations=19 (full 4):
 PSYoungGen      total 277760K, used 218071K [0xd22c0000, 0xe7340000, 0xe7800000)
  eden space 217088K, 100% used [0xd22c0000,0xdf6c0000,0xdf6c0000)
  from space 60672K, 1% used [0xe3800000,0xe38f5d38,0xe7340000)
  to   space 63744K, 0% used [0xdf6c0000,0xdf6c0000,0xe3500000)
 ParOldGen       total 240896K, used 180893K [0xa7800000, 0xb6340000, 0xd22c0000)
  object space 240896K, 75% used [0xa7800000,0xb28a7440,0xb6340000)
 Metaspace       used 48236K, capacity 48508K, committed 48512K, reserved 49456K
Event: 199.382 GC heap after
Heap after GC invocations=19 (full 4):
 PSYoungGen      total 280832K, used 6772K [0xd22c0000, 0xe7580000, 0xe7800000)
  eden space 217088K, 0% used [0xd22c0000,0xd22c0000,0xdf6c0000)
  from space 63744K, 10% used [0xdf6c0000,0xdfd5d100,0xe3500000)
  to   space 60928K, 0% used [0xe3a00000,0xe3a00000,0xe7580000)
 ParOldGen       total 240896K, used 180897K [0xa7800000, 0xb6340000, 0xd22c0000)
  object space 240896K, 75% used [0xa7800000,0xb28a8440,0xb6340000)
 Metaspace       used 48236K, capacity 48508K, committed 48512K, reserved 49456K
}
Event: 200.254 GC heap before
{Heap before GC invocations=20 (full 4):
 PSYoungGen      total 280832K, used 223860K [0xd22c0000, 0xe7580000, 0xe7800000)
  eden space 217088K, 100% used [0xd22c0000,0xdf6c0000,0xdf6c0000)
  from space 63744K, 10% used [0xdf6c0000,0xdfd5d100,0xe3500000)
  to   space 60928K, 0% used [0xe3a00000,0xe3a00000,0xe7580000)
 ParOldGen       total 240896K, used 180897K [0xa7800000, 0xb6340000, 0xd22c0000)
  object space 240896K, 75% used [0xa7800000,0xb28a8440,0xb6340000)
 Metaspace       used 49023K, capacity 49340K, committed 49408K, reserved 49456K
Event: 200.264 GC heap after
Heap after GC invocations=20 (full 4):
 PSYoungGen      total 279808K, used 6436K [0xd22c0000, 0xe6fc0000, 0xe7800000)
  eden space 224768K, 0% used [0xd22c0000,0xd22c0000,0xdfe40000)
  from space 55040K, 11% used [0xe3a00000,0xe4049288,0xe6fc0000)
  to   space 58112K, 0% used [0xdfe40000,0xdfe40000,0xe3700000)
 ParOldGen       total 240896K, used 180901K [0xa7800000, 0xb6340000, 0xd22c0000)
  object space 240896K, 75% used [0xa7800000,0xb28a9440,0xb6340000)
 Metaspace       used 49023K, capacity 49340K, committed 49408K, reserved 49456K
}
Event: 203.793 GC heap before
{Heap before GC invocations=21 (full 4):
 PSYoungGen      total 279808K, used 231037K [0xd22c0000, 0xe6fc0000, 0xe7800000)
  eden space 224768K, 99% used [0xd22c0000,0xdfe16380,0xdfe40000)
  from space 55040K, 11% used [0xe3a00000,0xe4049288,0xe6fc0000)
  to   space 58112K, 0% used [0xdfe40000,0xdfe40000,0xe3700000)
 ParOldGen       total 240896K, used 180901K [0xa7800000, 0xb6340000, 0xd22c0000)
  object space 240896K, 75% used [0xa7800000,0xb28a9440,0xb6340000)
 Metaspace       used 53541K, capacity 53897K, committed 54016K, reserved 54576K
Event: 203.817 GC heap after
Heap after GC invocations=21 (full 4):
 PSYoungGen      total 282880K, used 17701K [0xd22c0000, 0xe7480000, 0xe7800000)
  eden space 224768K, 0% used [0xd22c0000,0xd22c0000,0xdfe40000)
  from space 58112K, 30% used [0xdfe40000,0xe0f894e0,0xe3700000)
  to   space 54784K, 0% used [0xe3f00000,0xe3f00000,0xe7480000)
 ParOldGen       total 240896K, used 180905K [0xa7800000, 0xb6340000, 0xd22c0000)
  object space 240896K, 75% used [0xa7800000,0xb28aa440,0xb6340000)
 Metaspace       used 53541K, capacity 53897K, committed 54016K, reserved 54576K
}
Event: 395.394 GC heap before
{Heap before GC invocations=22 (full 4):
 PSYoungGen      total 282880K, used 242469K [0xd22c0000, 0xe7480000, 0xe7800000)
  eden space 224768K, 100% used [0xd22c0000,0xdfe40000,0xdfe40000)
  from space 58112K, 30% used [0xdfe40000,0xe0f894e0,0xe3700000)
  to   space 54784K, 0% used [0xe3f00000,0xe3f00000,0xe7480000)
 ParOldGen       total 240896K, used 180905K [0xa7800000, 0xb6340000, 0xd22c0000)
  object space 240896K, 75% used [0xa7800000,0xb28aa440,0xb6340000)
 Metaspace       used 54010K, capacity 54381K, committed 54400K, reserved 54576K
Event: 395.480 GC heap after
Heap after GC invocations=22 (full 4):
 PSYoungGen      total 276736K, used 49908K [0xd22c0000, 0xe7800000, 0xe7800000)
  eden space 221952K, 0% used [0xd22c0000,0xd22c0000,0xdfb80000)
  from space 54784K, 91% used [0xe3f00000,0xe6fbd190,0xe7480000)
  to   space 63744K, 0% used [0xdfb80000,0xdfb80000,0xe39c0000)
 ParOldGen       total 240896K, used 230061K [0xa7800000, 0xb6340000, 0xd22c0000)
  object space 240896K, 95% used [0xa7800000,0xb58ab470,0xb6340000)
 Metaspace       used 54010K, capacity 54381K, committed 54400K, reserved 54576K
}
Event: 395.480 GC heap before
{Heap before GC invocations=23 (full 5):
 PSYoungGen      total 276736K, used 49908K [0xd22c0000, 0xe7800000, 0xe7800000)
  eden space 221952K, 0% used [0xd22c0000,0xd22c0000,0xdfb80000)
  from space 54784K, 91% used [0xe3f00000,0xe6fbd190,0xe7480000)
  to   space 63744K, 0% used [0xdfb80000,0xdfb80000,0xe39c0000)
 ParOldGen       total 240896K, used 230061K [0xa7800000, 0xb6340000, 0xd22c0000)
  object space 240896K, 95% used [0xa7800000,0xb58ab470,0xb6340000)
 Metaspace       used 54010K, capacity 54381K, committed 54400K, reserved 54576K

