# JRE version: Java(TM) SE Runtime Environment (8.0_101-b13) (build 1.8.0_101-b13)
# Java VM: Java HotSpot(TM) Server VM (25.101-b13 mixed mode linux-x86 )
Heap:
 PSYoungGen      total 60928K, used 4344K [0xd22c0000, 0xd65c0000, 0xe7800000)
  eden space 56576K, 0% used [0xd22c0000,0xd22c0000,0xd5a00000)
  from space 4352K, 99% used [0xd6180000,0xd65be008,0xd65c0000)
  to   space 4352K, 0% used [0xd5a00000,0xd5a00000,0xd5e40000)
 ParOldGen       total 60672K, used 59103K [0xa7800000, 0xab340000, 0xd22c0000)
  object space 60672K, 97% used [0xa7800000,0xab1b7dd8,0xab340000)
 Metaspace       used 24556K, capacity 24756K, committed 24832K, reserved 24880K
GC Heap History (10 events):
Event: 9.960 GC heap after
Heap after GC invocations=15 (full 1):
 PSYoungGen      total 40704K, used 3164K [0xd22c0000, 0xd5cc0000, 0xe7800000)
  eden space 37376K, 0% used [0xd22c0000,0xd22c0000,0xd4740000)
  from space 3328K, 95% used [0xd4b40000,0xd4e57070,0xd4e80000)
  to   space 4096K, 0% used [0xd4740000,0xd4740000,0xd4b40000)
 ParOldGen       total 28928K, used 6652K [0xa7800000, 0xa9440000, 0xd22c0000)
  object space 28928K, 22% used [0xa7800000,0xa7e7f260,0xa9440000)
 Metaspace       used 17930K, capacity 18103K, committed 18176K, reserved 18736K
}
Event: 10.289 GC heap before
{Heap before GC invocations=16 (full 1):
 PSYoungGen      total 40704K, used 40540K [0xd22c0000, 0xd5cc0000, 0xe7800000)
  eden space 37376K, 100% used [0xd22c0000,0xd4740000,0xd4740000)
  from space 3328K, 95% used [0xd4b40000,0xd4e57070,0xd4e80000)
  to   space 4096K, 0% used [0xd4740000,0xd4740000,0xd4b40000)
 ParOldGen       total 28928K, used 6666K [0xa7800000, 0xa9440000, 0xd22c0000)
  object space 28928K, 23% used [0xa7800000,0xa7e82800,0xa9440000)
 Metaspace       used 19110K, capacity 19313K, committed 19328K, reserved 19760K
Event: 10.323 GC heap after
Heap after GC invocations=16 (full 1):
 PSYoungGen      total 41472K, used 2137K [0xd22c0000, 0xd6280000, 0xe7800000)
  eden space 37376K, 0% used [0xd22c0000,0xd22c0000,0xd4740000)
  from space 4096K, 52% used [0xd4740000,0xd4956630,0xd4b40000)
  to   space 4096K, 0% used [0xd5e80000,0xd5e80000,0xd6280000)
 ParOldGen       total 28928K, used 24069K [0xa7800000, 0xa9440000, 0xd22c0000)
  object space 28928K, 83% used [0xa7800000,0xa8f817c0,0xa9440000)
 Metaspace       used 19110K, capacity 19313K, committed 19328K, reserved 19760K
}
Event: 10.323 GC heap before
{Heap before GC invocations=17 (full 2):
 PSYoungGen      total 41472K, used 2137K [0xd22c0000, 0xd6280000, 0xe7800000)
  eden space 37376K, 0% used [0xd22c0000,0xd22c0000,0xd4740000)
  from space 4096K, 52% used [0xd4740000,0xd4956630,0xd4b40000)
  to   space 4096K, 0% used [0xd5e80000,0xd5e80000,0xd6280000)
 ParOldGen       total 28928K, used 24069K [0xa7800000, 0xa9440000, 0xd22c0000)
  object space 28928K, 83% used [0xa7800000,0xa8f817c0,0xa9440000)
 Metaspace       used 19110K, capacity 19313K, committed 19328K, reserved 19760K
Event: 10.362 GC heap after
Heap after GC invocations=17 (full 2):
 PSYoungGen      total 41472K, used 0K [0xd22c0000, 0xd6280000, 0xe7800000)
  eden space 37376K, 0% used [0xd22c0000,0xd22c0000,0xd4740000)
  from space 4096K, 0% used [0xd4740000,0xd4740000,0xd4b40000)
  to   space 4096K, 0% used [0xd5e80000,0xd5e80000,0xd6280000)
 ParOldGen       total 60672K, used 23512K [0xa7800000, 0xab340000, 0xd22c0000)
  object space 60672K, 38% used [0xa7800000,0xa8ef6358,0xab340000)
 Metaspace       used 19110K, capacity 19313K, committed 19328K, reserved 19760K
}
Event: 11.372 GC heap before
{Heap before GC invocations=18 (full 2):
 PSYoungGen      total 41472K, used 37376K [0xd22c0000, 0xd6280000, 0xe7800000)
  eden space 37376K, 100% used [0xd22c0000,0xd4740000,0xd4740000)
  from space 4096K, 0% used [0xd4740000,0xd4740000,0xd4b40000)
  to   space 4096K, 0% used [0xd5e80000,0xd5e80000,0xd6280000)
 ParOldGen       total 60672K, used 23512K [0xa7800000, 0xab340000, 0xd22c0000)
  object space 60672K, 38% used [0xa7800000,0xa8ef6358,0xab340000)
 Metaspace       used 21360K, capacity 21590K, committed 21632K, reserved 21808K
Event: 11.378 GC heap after
Heap after GC invocations=18 (full 2):
 PSYoungGen      total 53760K, used 3856K [0xd22c0000, 0xd6280000, 0xe7800000)
  eden space 49664K, 0% used [0xd22c0000,0xd22c0000,0xd5340000)
  from space 4096K, 94% used [0xd5e80000,0xd62443e8,0xd6280000)
  to   space 4352K, 0% used [0xd5a00000,0xd5a00000,0xd5e40000)
 ParOldGen       total 60672K, used 23516K [0xa7800000, 0xab340000, 0xd22c0000)
  object space 60672K, 38% used [0xa7800000,0xa8ef7358,0xab340000)
 Metaspace       used 21360K, capacity 21590K, committed 21632K, reserved 21808K
}
Event: 13.151 GC heap before
{Heap before GC invocations=19 (full 2):
 PSYoungGen      total 53760K, used 38088K [0xd22c0000, 0xd6280000, 0xe7800000)
  eden space 49664K, 68% used [0xd22c0000,0xd442ddf8,0xd5340000)
  from space 4096K, 94% used [0xd5e80000,0xd62443e8,0xd6280000)
  to   space 4352K, 0% used [0xd5a00000,0xd5a00000,0xd5e40000)
 ParOldGen       total 60672K, used 23516K [0xa7800000, 0xab340000, 0xd22c0000)
  object space 60672K, 38% used [0xa7800000,0xa8ef7358,0xab340000)
 Metaspace       used 22146K, capacity 22365K, committed 22400K, reserved 22832K
Event: 13.173 GC heap after
Heap after GC invocations=19 (full 2):
 PSYoungGen      total 60928K, used 2152K [0xd22c0000, 0xd65c0000, 0xe7800000)
  eden space 56576K, 0% used [0xd22c0000,0xd22c0000,0xd5a00000)
  from space 4352K, 49% used [0xd5a00000,0xd5c1a280,0xd5e40000)
  to   space 4352K, 0% used [0xd6180000,0xd6180000,0xd65c0000)
 ParOldGen       total 60672K, used 40429K [0xa7800000, 0xab340000, 0xd22c0000)
  object space 60672K, 66% used [0xa7800000,0xa9f7b448,0xab340000)
 Metaspace       used 22146K, capacity 22365K, committed 22400K, reserved 22832K
}
Event: 14.312 GC heap before
{Heap before GC invocations=20 (full 2):
 PSYoungGen      total 60928K, used 58728K [0xd22c0000, 0xd65c0000, 0xe7800000)
  eden space 56576K, 100% used [0xd22c0000,0xd5a00000,0xd5a00000)
  from space 4352K, 49% used [0xd5a00000,0xd5c1a280,0xd5e40000)
  to   space 4352K, 0% used [0xd6180000,0xd6180000,0xd65c0000)
 ParOldGen       total 60672K, used 40429K [0xa7800000, 0xab340000, 0xd22c0000)
  object space 60672K, 66% used [0xa7800000,0xa9f7b448,0xab340000)
 Metaspace       used 24556K, capacity 24756K, committed 24832K, reserved 24880K

