# JRE version: Java(TM) SE Runtime Environment (8.0_101-b13) (build 1.8.0_101-b13)
# Java VM: Java HotSpot(TM) Server VM (25.101-b13 mixed mode linux-x86 )
Heap:
 PSYoungGen      total 132096K, used 6905K [0xd22c0000, 0xdab40000, 0xe7800000)
  eden space 125184K, 0% used [0xd22c0000,0xd22c0000,0xd9d00000)
  from space 6912K, 99% used [0xd9d00000,0xda3be4c0,0xda3c0000)
  to   space 6144K, 0% used [0xda3c0000,0xda3c0000,0xda9c0000)
 ParOldGen       total 29696K, used 14089K [0xa7800000, 0xa9500000, 0xd22c0000)
  object space 29696K, 47% used [0xa7800000,0xa85c2598,0xa9500000)
 Metaspace       used 23461K, capacity 23646K, committed 23808K, reserved 23856K
GC Heap History (10 events):
Event: 2.266 GC heap after
Heap after GC invocations=5 (full 0):
 PSYoungGen      total 34304K, used 2552K [0xd22c0000, 0xd68c0000, 0xe7800000)
  eden space 31744K, 0% used [0xd22c0000,0xd22c0000,0xd41c0000)
  from space 2560K, 99% used [0xd41c0000,0xd443e2c8,0xd4440000)
  to   space 4096K, 0% used [0xd64c0000,0xd64c0000,0xd68c0000)
 ParOldGen       total 42496K, used 2172K [0xa7800000, 0xaa180000, 0xd22c0000)
  object space 42496K, 5% used [0xa7800000,0xa7a1f168,0xaa180000)
 Metaspace       used 8808K, capacity 8866K, committed 8984K, reserved 9520K
}
Event: 2.862 GC heap before
{Heap before GC invocations=6 (full 0):
 PSYoungGen      total 34304K, used 34296K [0xd22c0000, 0xd68c0000, 0xe7800000)
  eden space 31744K, 100% used [0xd22c0000,0xd41c0000,0xd41c0000)
  from space 2560K, 99% used [0xd41c0000,0xd443e2c8,0xd4440000)
  to   space 4096K, 0% used [0xd64c0000,0xd64c0000,0xd68c0000)
 ParOldGen       total 42496K, used 2172K [0xa7800000, 0xaa180000, 0xd22c0000)
  object space 42496K, 5% used [0xa7800000,0xa7a1f168,0xaa180000)
 Metaspace       used 10630K, capacity 10801K, committed 10904K, reserved 11568K
Event: 2.878 GC heap after
Heap after GC invocations=6 (full 0):
 PSYoungGen      total 67072K, used 4084K [0xd22c0000, 0xd69c0000, 0xe7800000)
  eden space 62976K, 0% used [0xd22c0000,0xd22c0000,0xd6040000)
  from space 4096K, 99% used [0xd64c0000,0xd68bd0f8,0xd68c0000)
  to   space 4608K, 0% used [0xd6040000,0xd6040000,0xd64c0000)
 ParOldGen       total 42496K, used 2371K [0xa7800000, 0xaa180000, 0xd22c0000)
  object space 42496K, 5% used [0xa7800000,0xa7a50f58,0xaa180000)
 Metaspace       used 10630K, capacity 10801K, committed 10904K, reserved 11568K
}
Event: 4.025 GC heap before
{Heap before GC invocations=7 (full 0):
 PSYoungGen      total 67072K, used 67060K [0xd22c0000, 0xd69c0000, 0xe7800000)
  eden space 62976K, 100% used [0xd22c0000,0xd6040000,0xd6040000)
  from space 4096K, 99% used [0xd64c0000,0xd68bd0f8,0xd68c0000)
  to   space 4608K, 0% used [0xd6040000,0xd6040000,0xd64c0000)
 ParOldGen       total 42496K, used 2371K [0xa7800000, 0xaa180000, 0xd22c0000)
  object space 42496K, 5% used [0xa7800000,0xa7a50f58,0xaa180000)
 Metaspace       used 13224K, capacity 13401K, committed 13464K, reserved 13616K
Event: 4.035 GC heap after
Heap after GC invocations=7 (full 0):
 PSYoungGen      total 67584K, used 4597K [0xd22c0000, 0xda9c0000, 0xe7800000)
  eden space 62976K, 0% used [0xd22c0000,0xd22c0000,0xd6040000)
  from space 4608K, 99% used [0xd6040000,0xd64bd640,0xd64c0000)
  to   space 6144K, 0% used [0xda3c0000,0xda3c0000,0xda9c0000)
 ParOldGen       total 42496K, used 4217K [0xa7800000, 0xaa180000, 0xd22c0000)
  object space 42496K, 9% used [0xa7800000,0xa7c1e600,0xaa180000)
 Metaspace       used 13224K, capacity 13401K, committed 13464K, reserved 13616K
}
Event: 4.763 GC heap before
{Heap before GC invocations=8 (full 0):
 PSYoungGen      total 67584K, used 54393K [0xd22c0000, 0xda9c0000, 0xe7800000)
  eden space 62976K, 79% used [0xd22c0000,0xd5360ec0,0xd6040000)
  from space 4608K, 99% used [0xd6040000,0xd64bd640,0xd64c0000)
  to   space 6144K, 0% used [0xda3c0000,0xda3c0000,0xda9c0000)
 ParOldGen       total 42496K, used 4217K [0xa7800000, 0xaa180000, 0xd22c0000)
  object space 42496K, 9% used [0xa7800000,0xa7c1e600,0xaa180000)
 Metaspace       used 16185K, capacity 16350K, committed 16384K, reserved 16688K
Event: 4.776 GC heap after
Heap after GC invocations=8 (full 0):
 PSYoungGen      total 131328K, used 5937K [0xd22c0000, 0xdab40000, 0xe7800000)
  eden space 125184K, 0% used [0xd22c0000,0xd22c0000,0xd9d00000)
  from space 6144K, 96% used [0xda3c0000,0xda98c470,0xda9c0000)
  to   space 6912K, 0% used [0xd9d00000,0xd9d00000,0xda3c0000)
 ParOldGen       total 42496K, used 4944K [0xa7800000, 0xaa180000, 0xd22c0000)
  object space 42496K, 11% used [0xa7800000,0xa7cd4048,0xaa180000)
 Metaspace       used 16185K, capacity 16350K, committed 16384K, reserved 16688K
}
Event: 4.776 GC heap before
{Heap before GC invocations=9 (full 1):
 PSYoungGen      total 131328K, used 5937K [0xd22c0000, 0xdab40000, 0xe7800000)
  eden space 125184K, 0% used [0xd22c0000,0xd22c0000,0xd9d00000)
  from space 6144K, 96% used [0xda3c0000,0xda98c470,0xda9c0000)
  to   space 6912K, 0% used [0xd9d00000,0xd9d00000,0xda3c0000)
 ParOldGen       total 42496K, used 4944K [0xa7800000, 0xaa180000, 0xd22c0000)
  object space 42496K, 11% used [0xa7800000,0xa7cd4048,0xaa180000)
 Metaspace       used 16185K, capacity 16350K, committed 16384K, reserved 16688K
Event: 4.808 GC heap after
Heap after GC invocations=9 (full 1):
 PSYoungGen      total 131328K, used 0K [0xd22c0000, 0xdab40000, 0xe7800000)
  eden space 125184K, 0% used [0xd22c0000,0xd22c0000,0xd9d00000)
  from space 6144K, 0% used [0xda3c0000,0xda3c0000,0xda9c0000)
  to   space 6912K, 0% used [0xd9d00000,0xd9d00000,0xda3c0000)
 ParOldGen       total 29696K, used 7309K [0xa7800000, 0xa9500000, 0xd22c0000)
  object space 29696K, 24% used [0xa7800000,0xa7f23650,0xa9500000)
 Metaspace       used 16185K, capacity 16350K, committed 16384K, reserved 16688K
}
Event: 7.083 GC heap before
{Heap before GC invocations=10 (full 1):
 PSYoungGen      total 131328K, used 125184K [0xd22c0000, 0xdab40000, 0xe7800000)
  eden space 125184K, 100% used [0xd22c0000,0xd9d00000,0xd9d00000)
  from space 6144K, 0% used [0xda3c0000,0xda3c0000,0xda9c0000)
  to   space 6912K, 0% used [0xd9d00000,0xd9d00000,0xda3c0000)
 ParOldGen       total 29696K, used 7309K [0xa7800000, 0xa9500000, 0xd22c0000)
  object space 29696K, 24% used [0xa7800000,0xa7f23650,0xa9500000)
 Metaspace       used 23461K, capacity 23646K, committed 23808K, reserved 23856K

