# JRE version: Java(TM) SE Runtime Environment (8.0_101-b13) (build 1.8.0_101-b13)
# Java VM: Java HotSpot(TM) Server VM (25.101-b13 mixed mode linux-x86 )
Heap:
 PSYoungGen      total 67584K, used 4592K [0xd22c0000, 0xd69c0000, 0xe7800000)
  eden space 62976K, 0% used [0xd22c0000,0xd22c0000,0xd6040000)
  from space 4608K, 99% used [0xd6040000,0xd64bc320,0xd64c0000)
  to   space 4096K, 0% used [0xd64c0000,0xd64c0000,0xd68c0000)
 ParOldGen       total 42496K, used 4189K [0xa7800000, 0xaa180000, 0xd22c0000)
  object space 42496K, 9% used [0xa7800000,0xa7c177f8,0xaa180000)
 Metaspace       used 13240K, capacity 13401K, committed 13464K, reserved 13616K
GC Heap History (10 events):
Event: 1.002 GC heap after
Heap after GC invocations=2 (full 0):
 PSYoungGen      total 18432K, used 2487K [0xd22c0000, 0xd46c0000, 0xe7800000)
  eden space 15872K, 0% used [0xd22c0000,0xd22c0000,0xd3240000)
  from space 2560K, 97% used [0xd34c0000,0xd372dd28,0xd3740000)
  to   space 2560K, 0% used [0xd3240000,0xd3240000,0xd34c0000)
 ParOldGen       total 42496K, used 26K [0xa7800000, 0xaa180000, 0xd22c0000)
  object space 42496K, 0% used [0xa7800000,0xa78069d0,0xaa180000)
 Metaspace       used 3991K, capacity 4090K, committed 4120K, reserved 4400K
}
Event: 1.657 GC heap before
{Heap before GC invocations=3 (full 0):
 PSYoungGen      total 18432K, used 18359K [0xd22c0000, 0xd46c0000, 0xe7800000)
  eden space 15872K, 100% used [0xd22c0000,0xd3240000,0xd3240000)
  from space 2560K, 97% used [0xd34c0000,0xd372dd28,0xd3740000)
  to   space 2560K, 0% used [0xd3240000,0xd3240000,0xd34c0000)
 ParOldGen       total 42496K, used 26K [0xa7800000, 0xaa180000, 0xd22c0000)
  object space 42496K, 0% used [0xa7800000,0xa78069d0,0xaa180000)
 Metaspace       used 5915K, capacity 5954K, committed 6040K, reserved 6448K
Event: 1.666 GC heap after
Heap after GC invocations=3 (full 0):
 PSYoungGen      total 18432K, used 2549K [0xd22c0000, 0xd46c0000, 0xe7800000)
  eden space 15872K, 0% used [0xd22c0000,0xd22c0000,0xd3240000)
  from space 2560K, 99% used [0xd3240000,0xd34bd508,0xd34c0000)
  to   space 2560K, 0% used [0xd4440000,0xd4440000,0xd46c0000)
 ParOldGen       total 42496K, used 108K [0xa7800000, 0xaa180000, 0xd22c0000)
  object space 42496K, 0% used [0xa7800000,0xa781b098,0xaa180000)
 Metaspace       used 5915K, capacity 5954K, committed 6040K, reserved 6448K
}
Event: 1.963 GC heap before
{Heap before GC invocations=4 (full 0):
 PSYoungGen      total 18432K, used 18421K [0xd22c0000, 0xd46c0000, 0xe7800000)
  eden space 15872K, 100% used [0xd22c0000,0xd3240000,0xd3240000)
  from space 2560K, 99% used [0xd3240000,0xd34bd508,0xd34c0000)
  to   space 2560K, 0% used [0xd4440000,0xd4440000,0xd46c0000)
 ParOldGen       total 42496K, used 108K [0xa7800000, 0xaa180000, 0xd22c0000)
  object space 42496K, 0% used [0xa7800000,0xa781b098,0xaa180000)
 Metaspace       used 7100K, capacity 7138K, committed 7192K, reserved 7472K
Event: 1.973 GC heap after
Heap after GC invocations=4 (full 0):
 PSYoungGen      total 34304K, used 2554K [0xd22c0000, 0xd46c0000, 0xe7800000)
  eden space 31744K, 0% used [0xd22c0000,0xd22c0000,0xd41c0000)
  from space 2560K, 99% used [0xd4440000,0xd46be958,0xd46c0000)
  to   space 2560K, 0% used [0xd41c0000,0xd41c0000,0xd4440000)
 ParOldGen       total 42496K, used 692K [0xa7800000, 0xaa180000, 0xd22c0000)
  object space 42496K, 1% used [0xa7800000,0xa78ad018,0xaa180000)
 Metaspace       used 7100K, capacity 7138K, committed 7192K, reserved 7472K
}
Event: 2.431 GC heap before
{Heap before GC invocations=5 (full 0):
 PSYoungGen      total 34304K, used 34298K [0xd22c0000, 0xd46c0000, 0xe7800000)
  eden space 31744K, 100% used [0xd22c0000,0xd41c0000,0xd41c0000)
  from space 2560K, 99% used [0xd4440000,0xd46be958,0xd46c0000)
  to   space 2560K, 0% used [0xd41c0000,0xd41c0000,0xd4440000)
 ParOldGen       total 42496K, used 692K [0xa7800000, 0xaa180000, 0xd22c0000)
  object space 42496K, 1% used [0xa7800000,0xa78ad018,0xaa180000)
 Metaspace       used 8796K, capacity 8834K, committed 8856K, reserved 9520K
Event: 2.444 GC heap after
Heap after GC invocations=5 (full 0):
 PSYoungGen      total 34304K, used 2554K [0xd22c0000, 0xd68c0000, 0xe7800000)
  eden space 31744K, 0% used [0xd22c0000,0xd22c0000,0xd41c0000)
  from space 2560K, 99% used [0xd41c0000,0xd443ebd8,0xd4440000)
  to   space 4096K, 0% used [0xd64c0000,0xd64c0000,0xd68c0000)
 ParOldGen       total 42496K, used 2104K [0xa7800000, 0xaa180000, 0xd22c0000)
  object space 42496K, 4% used [0xa7800000,0xa7a0e3f0,0xaa180000)
 Metaspace       used 8796K, capacity 8834K, committed 8856K, reserved 9520K
}
Event: 3.077 GC heap before
{Heap before GC invocations=6 (full 0):
 PSYoungGen      total 34304K, used 34298K [0xd22c0000, 0xd68c0000, 0xe7800000)
  eden space 31744K, 100% used [0xd22c0000,0xd41c0000,0xd41c0000)
  from space 2560K, 99% used [0xd41c0000,0xd443ebd8,0xd4440000)
  to   space 4096K, 0% used [0xd64c0000,0xd64c0000,0xd68c0000)
 ParOldGen       total 42496K, used 2104K [0xa7800000, 0xaa180000, 0xd22c0000)
  object space 42496K, 4% used [0xa7800000,0xa7a0e3f0,0xaa180000)
 Metaspace       used 10640K, capacity 10833K, committed 10904K, reserved 11568K
Event: 3.090 GC heap after
Heap after GC invocations=6 (full 0):
 PSYoungGen      total 67072K, used 4085K [0xd22c0000, 0xd69c0000, 0xe7800000)
  eden space 62976K, 0% used [0xd22c0000,0xd22c0000,0xd6040000)
  from space 4096K, 99% used [0xd64c0000,0xd68bd4e0,0xd68c0000)
  to   space 4608K, 0% used [0xd6040000,0xd6040000,0xd64c0000)
 ParOldGen       total 42496K, used 2299K [0xa7800000, 0xaa180000, 0xd22c0000)
  object space 42496K, 5% used [0xa7800000,0xa7a3efe8,0xaa180000)
 Metaspace       used 10640K, capacity 10833K, committed 10904K, reserved 11568K
}
Event: 4.169 GC heap before
{Heap before GC invocations=7 (full 0):
 PSYoungGen      total 67072K, used 67061K [0xd22c0000, 0xd69c0000, 0xe7800000)
  eden space 62976K, 100% used [0xd22c0000,0xd6040000,0xd6040000)
  from space 4096K, 99% used [0xd64c0000,0xd68bd4e0,0xd68c0000)
  to   space 4608K, 0% used [0xd6040000,0xd6040000,0xd64c0000)
 ParOldGen       total 42496K, used 2299K [0xa7800000, 0xaa180000, 0xd22c0000)
  object space 42496K, 5% used [0xa7800000,0xa7a3efe8,0xaa180000)
 Metaspace       used 13240K, capacity 13401K, committed 13464K, reserved 13616K

